[2026-04-06 10:25:00] [INFO] ===== Installation started on HOME04598 =====
[2026-04-06 10:25:00] [INFO] Checking for hung AnyConnect services...
[2026-04-06 10:25:00] [WARNING] Force-killing process: acumbrellaagent
[2026-04-06 10:25:00] [SUCCESS] Killed process: acumbrellaagent
[2026-04-06 10:25:00] [WARNING] Force-killing process: vpnagent
[2026-04-06 10:25:01] [SUCCESS] Killed process: vpnagent
[2026-04-06 10:25:06] [INFO] Searching for installed Cisco AnyConnect products...
[2026-04-06 10:25:06] [INFO] Uninstalling: Cisco Secure Client - AnyConnect VPN  (Cisco Secure Client - AnyConnect VPN)
[2026-04-06 10:25:07] [WARNING] Uninstall of Cisco Secure Client - AnyConnect VPN  exited with code: 1619
[2026-04-06 10:25:07] [INFO] Uninstalling: Cisco Secure Client - AnyConnect VPN ({403C9F5F-70F4-492A-8944-D8403F88CD85})
[2026-04-06 10:25:14] [SUCCESS] Successfully uninstalled: Cisco Secure Client - AnyConnect VPN
[2026-04-06 10:25:14] [INFO] Uninstalling: Cisco Secure Client - Umbrella ({42B5CD0A-B0D4-47D4-AC58-86B32E1E147C})
[2026-04-06 10:25:15] [SUCCESS] Successfully uninstalled: Cisco Secure Client - Umbrella
[2026-04-06 10:25:20] [INFO] Downloading Package 1...
[2026-04-06 10:25:53] [SUCCESS] Package 1 downloaded successfully.
[2026-04-06 10:25:53] [INFO] Installing Package 1 silently...
[2026-04-06 10:26:06] [SUCCESS] Package 1 installed successfully.
[2026-04-06 10:26:06] [INFO] Downloading Package 2...
[2026-04-06 10:26:13] [SUCCESS] Package 2 downloaded successfully.
[2026-04-06 10:26:13] [INFO] Installing Package 2 silently...
[2026-04-06 10:26:17] [SUCCESS] Package 2 installed successfully.
[2026-04-06 10:26:17] [INFO] Creating Umbrella directory if it doesn't exist...
[2026-04-06 10:26:17] [INFO] Directory already exists: C:\ProgramData\Cisco\Cisco AnyConnect Secure Mobility Client\Umbrella
[2026-04-06 10:26:17] [INFO] Writing OrgInfo.json...
[2026-04-06 10:26:17] [SUCCESS] OrgInfo.json created at: C:\ProgramData\Cisco\Cisco AnyConnect Secure Mobility Client\Umbrella\OrgInfo.json
[2026-04-06 10:26:17] [INFO] Cleaning up temp files...
[2026-04-06 10:26:17] [SUCCESS] Temp files cleaned up.
[2026-04-06 10:26:17] [INFO] ===== Installation completed successfully on HOME04598 =====
[2026-04-06 10:26:17] [INFO] Uploading log to GitHub...
