[2026-04-06 10:56:05] [INFO] ===== Installation started on HOME04598 =====
[2026-04-06 10:56:05] [INFO] Checking for hung AnyConnect services...
[2026-04-06 10:56:05] [WARNING] Force-killing process: acumbrellaagent
[2026-04-06 10:56:05] [SUCCESS] Killed process: acumbrellaagent
[2026-04-06 10:56:05] [WARNING] Force-killing process: vpnagent
[2026-04-06 10:56:06] [SUCCESS] Killed process: vpnagent
[2026-04-06 10:56:11] [INFO] Searching for installed Cisco AnyConnect products...
[2026-04-06 10:56:11] [INFO] No existing Cisco AnyConnect products found.
[2026-04-06 10:56:16] [INFO] Downloading Package 1...
[2026-04-06 10:56:51] [SUCCESS] Package 1 downloaded successfully.
[2026-04-06 10:56:51] [INFO] Installing Package 1 silently...
[2026-04-06 10:56:52] [SUCCESS] Package 1 installed successfully.
[2026-04-06 10:56:52] [INFO] Downloading Package 2...
[2026-04-06 10:57:01] [SUCCESS] Package 2 downloaded successfully.
[2026-04-06 10:57:01] [INFO] Installing Package 2 silently...
[2026-04-06 10:57:02] [SUCCESS] Package 2 installed successfully.
[2026-04-06 10:57:02] [INFO] Creating Umbrella directory if it doesn't exist...
[2026-04-06 10:57:02] [INFO] Directory already exists: C:\ProgramData\Cisco\Cisco Secure Client\Umbrella
[2026-04-06 10:57:02] [INFO] Writing OrgInfo.json...
[2026-04-06 10:57:02] [SUCCESS] OrgInfo.json created at: C:\ProgramData\Cisco\Cisco Secure Client\Umbrella\OrgInfo.json
[2026-04-06 10:57:02] [INFO] Cleaning up temp files...
[2026-04-06 10:57:02] [SUCCESS] Temp files cleaned up.
[2026-04-06 10:57:02] [INFO] ===== Installed Cisco Secure Client Applications =====
[2026-04-06 10:57:02] [SUCCESS]   Cisco Secure Client - AnyConnect VPN  -->  v5.1.16.194
[2026-04-06 10:57:02] [SUCCESS]   Cisco Secure Client - AnyConnect VPN   -->  v5.1.16.194
[2026-04-06 10:57:02] [SUCCESS]   Cisco Secure Client - Umbrella  -->  v5.1.16.194
[2026-04-06 10:57:02] [INFO] ===== End of Cisco Secure Client Version Report =====
[2026-04-06 10:57:02] [INFO] ===== Installation completed successfully on HOME04598 =====
[2026-04-06 10:57:02] [INFO] Uploading log to GitHub...
