[2026-04-06 10:39:05] [INFO] ===== Installation started on HOME04598 =====
[2026-04-06 10:39:05] [INFO] Checking for hung AnyConnect services...
[2026-04-06 10:39:05] [WARNING] Force-killing process: acumbrellaagent
[2026-04-06 10:39:06] [SUCCESS] Killed process: acumbrellaagent
[2026-04-06 10:39:06] [WARNING] Force-killing process: vpnagent
[2026-04-06 10:39:06] [SUCCESS] Killed process: vpnagent
[2026-04-06 10:39:11] [INFO] Searching for installed Cisco AnyConnect products...
[2026-04-06 10:39:11] [INFO] No existing Cisco AnyConnect products found.
[2026-04-06 10:39:16] [INFO] Downloading Package 1...
[2026-04-06 10:43:33] [SUCCESS] Package 1 downloaded successfully.
[2026-04-06 10:43:33] [INFO] Installing Package 1 silently...
[2026-04-06 10:43:34] [SUCCESS] Package 1 installed successfully.
[2026-04-06 10:43:34] [INFO] Downloading Package 2...
[2026-04-06 10:43:43] [SUCCESS] Package 2 downloaded successfully.
[2026-04-06 10:43:43] [INFO] Installing Package 2 silently...
[2026-04-06 10:43:44] [SUCCESS] Package 2 installed successfully.
[2026-04-06 10:43:44] [INFO] Creating Umbrella directory if it doesn't exist...
[2026-04-06 10:43:44] [INFO] Directory already exists: C:\ProgramData\Cisco\Cisco AnyConnect Secure Mobility Client\Umbrella
[2026-04-06 10:43:44] [INFO] Writing OrgInfo.json...
[2026-04-06 10:43:44] [SUCCESS] OrgInfo.json created at: C:\ProgramData\Cisco\Cisco AnyConnect Secure Mobility Client\Umbrella\OrgInfo.json
[2026-04-06 10:43:44] [INFO] Cleaning up temp files...
[2026-04-06 10:43:44] [SUCCESS] Temp files cleaned up.
[2026-04-06 10:43:44] [INFO] ===== Installed Cisco Secure Client Applications =====
[2026-04-06 10:43:44] [SUCCESS]   Cisco Secure Client - AnyConnect VPN  -->  v5.1.16.194
[2026-04-06 10:43:44] [SUCCESS]   Cisco Secure Client - AnyConnect VPN   -->  v5.1.16.194
[2026-04-06 10:43:44] [SUCCESS]   Cisco Secure Client - Umbrella  -->  v5.1.16.194
[2026-04-06 10:43:44] [INFO] ===== End of Cisco Secure Client Version Report =====
[2026-04-06 10:43:44] [INFO] ===== Installation completed successfully on HOME04598 =====
[2026-04-06 10:43:44] [INFO] Uploading log to GitHub...
