[2026-04-06 10:03:40] [INFO] ===== Installation started on HOME04598 =====
[2026-04-06 10:03:40] [INFO] Checking for hung AnyConnect services...
[2026-04-06 10:03:45] [INFO] Searching for installed Cisco AnyConnect products...
[2026-04-06 10:03:45] [INFO] No existing Cisco AnyConnect products found.
[2026-04-06 10:03:50] [INFO] Downloading Package 1...
[2026-04-06 10:04:20] [SUCCESS] Package 1 downloaded successfully.
[2026-04-06 10:04:20] [INFO] Installing Package 1 silently...
[2026-04-06 10:04:21] [WARNING] Package 1 installer exited with code: 1603
[2026-04-06 10:04:21] [INFO] Downloading Package 2...
[2026-04-06 10:04:28] [SUCCESS] Package 2 downloaded successfully.
[2026-04-06 10:04:28] [INFO] Installing Package 2 silently...
[2026-04-06 10:04:30] [SUCCESS] Package 2 installed successfully.
[2026-04-06 10:04:30] [INFO] Creating Umbrella directory if it doesn't exist...
[2026-04-06 10:04:30] [SUCCESS] Directory created: C:\ProgramData\Cisco\Cisco AnyConnect Secure Mobility Client\Umbrella
[2026-04-06 10:04:30] [INFO] Writing OrgInfo.json...
[2026-04-06 10:04:31] [SUCCESS] OrgInfo.json created at: C:\ProgramData\Cisco\Cisco AnyConnect Secure Mobility Client\Umbrella\OrgInfo.json
[2026-04-06 10:04:31] [INFO] Cleaning up temp files...
[2026-04-06 10:04:31] [SUCCESS] Temp files cleaned up.
[2026-04-06 10:04:31] [INFO] ===== Installation completed successfully on HOME04598 =====
[2026-04-06 10:04:31] [INFO] Uploading log to GitHub...
