[2026-04-06 10:13:33] [INFO] ===== Installation started on SC-FOH =====
[2026-04-06 10:13:33] [INFO] Checking for hung AnyConnect services...
[2026-04-06 10:13:33] [WARNING] Force-killing process: acumbrellaagent
[2026-04-06 10:13:33] [SUCCESS] Killed process: acumbrellaagent
[2026-04-06 10:13:33] [WARNING] Force-killing process: vpnagent
[2026-04-06 10:13:33] [SUCCESS] Killed process: vpnagent
[2026-04-06 10:13:38] [INFO] Searching for installed Cisco AnyConnect products...
[2026-04-06 10:13:39] [INFO] No existing Cisco AnyConnect products found.
[2026-04-06 10:13:44] [INFO] Downloading Package 1...
[2026-04-06 10:14:12] [SUCCESS] Package 1 downloaded successfully.
[2026-04-06 10:14:12] [INFO] Installing Package 1 silently...
[2026-04-06 10:14:13] [WARNING] Package 1 installer exited with code: 1638
[2026-04-06 10:14:13] [INFO] Downloading Package 2...
[2026-04-06 10:14:20] [SUCCESS] Package 2 downloaded successfully.
[2026-04-06 10:14:20] [INFO] Installing Package 2 silently...
[2026-04-06 10:14:21] [WARNING] Package 2 installer exited with code: 1638
[2026-04-06 10:14:21] [INFO] Creating Umbrella directory if it doesn't exist...
[2026-04-06 10:14:21] [INFO] Directory already exists: C:\ProgramData\Cisco\Cisco AnyConnect Secure Mobility Client\Umbrella
[2026-04-06 10:14:21] [INFO] Writing OrgInfo.json...
[2026-04-06 10:14:21] [SUCCESS] OrgInfo.json created at: C:\ProgramData\Cisco\Cisco AnyConnect Secure Mobility Client\Umbrella\OrgInfo.json
[2026-04-06 10:14:21] [INFO] Cleaning up temp files...
[2026-04-06 10:14:21] [SUCCESS] Temp files cleaned up.
[2026-04-06 10:14:21] [INFO] ===== Installation completed successfully on SC-FOH =====
[2026-04-06 10:14:21] [INFO] Uploading log to GitHub...
