[2026-04-06 10:05:13] [INFO] ===== Installation started on SC-FOH =====
[2026-04-06 10:05:13] [INFO] Checking for hung AnyConnect services...
[2026-04-06 10:05:13] [WARNING] Force-killing process: acumbrellaagent
[2026-04-06 10:05:13] [SUCCESS] Killed process: acumbrellaagent
[2026-04-06 10:05:13] [WARNING] Force-killing process: vpnagent
[2026-04-06 10:05:14] [SUCCESS] Killed process: vpnagent
[2026-04-06 10:05:19] [INFO] Searching for installed Cisco AnyConnect products...
[2026-04-06 10:05:19] [INFO] No existing Cisco AnyConnect products found.
[2026-04-06 10:05:24] [INFO] Downloading Package 1...
[2026-04-06 10:05:55] [SUCCESS] Package 1 downloaded successfully.
[2026-04-06 10:05:55] [INFO] Installing Package 1 silently...
[2026-04-06 10:05:56] [WARNING] Package 1 installer exited with code: 1638
[2026-04-06 10:05:56] [INFO] Downloading Package 2...
[2026-04-06 10:06:03] [SUCCESS] Package 2 downloaded successfully.
[2026-04-06 10:06:03] [INFO] Installing Package 2 silently...
[2026-04-06 10:06:04] [WARNING] Package 2 installer exited with code: 1638
[2026-04-06 10:06:04] [INFO] Creating Umbrella directory if it doesn't exist...
[2026-04-06 10:06:04] [SUCCESS] Directory created: C:\ProgramData\Cisco\Cisco AnyConnect Secure Mobility Client\Umbrella
[2026-04-06 10:06:04] [INFO] Writing OrgInfo.json...
[2026-04-06 10:06:05] [SUCCESS] OrgInfo.json created at: C:\ProgramData\Cisco\Cisco AnyConnect Secure Mobility Client\Umbrella\OrgInfo.json
[2026-04-06 10:06:05] [INFO] Cleaning up temp files...
[2026-04-06 10:06:05] [SUCCESS] Temp files cleaned up.
[2026-04-06 10:06:05] [INFO] ===== Installation completed successfully on SC-FOH =====
[2026-04-06 10:06:05] [INFO] Uploading log to GitHub...
