[2026-04-06 11:03:45] [INFO] ===== Installation started on SC-FOH =====
[2026-04-06 11:03:45] [INFO] Checking for hung AnyConnect services...
[2026-04-06 11:03:45] [WARNING] Force-killing process: acumbrellaagent
[2026-04-06 11:03:45] [SUCCESS] Killed process: acumbrellaagent
[2026-04-06 11:03:45] [WARNING] Force-killing process: vpnagent
[2026-04-06 11:03:45] [SUCCESS] Killed process: vpnagent
[2026-04-06 11:03:50] [INFO] Searching for installed Cisco AnyConnect products...
[2026-04-06 11:03:50] [INFO] No existing Cisco AnyConnect products found.
[2026-04-06 11:03:55] [INFO] Downloading Package 1...
[2026-04-06 11:04:23] [SUCCESS] Package 1 downloaded successfully.
[2026-04-06 11:04:23] [INFO] Installing Package 1 silently...
[2026-04-06 11:04:24] [SUCCESS] Package 1 installed successfully.
[2026-04-06 11:04:24] [INFO] Downloading Package 2...
[2026-04-06 11:04:31] [SUCCESS] Package 2 downloaded successfully.
[2026-04-06 11:04:31] [INFO] Installing Package 2 silently...
[2026-04-06 11:04:32] [SUCCESS] Package 2 installed successfully.
[2026-04-06 11:04:32] [INFO] Creating Umbrella directory if it doesn't exist...
[2026-04-06 11:04:32] [INFO] Directory already exists: C:\ProgramData\Cisco\Cisco Secure Client\Umbrella
[2026-04-06 11:04:33] [INFO] Writing OrgInfo.json...
[2026-04-06 11:04:33] [SUCCESS] OrgInfo.json created at: C:\ProgramData\Cisco\Cisco Secure Client\Umbrella\OrgInfo.json
[2026-04-06 11:04:33] [INFO] Cleaning up temp files...
[2026-04-06 11:04:33] [SUCCESS] Temp files cleaned up.
[2026-04-06 11:04:33] [INFO] ===== Installed Cisco Secure Client Applications =====
[2026-04-06 11:04:33] [SUCCESS]   Cisco Secure Client - AnyConnect VPN  -->  v5.1.16.194
[2026-04-06 11:04:33] [SUCCESS]   Cisco Secure Client - AnyConnect VPN   -->  v5.1.16.194
[2026-04-06 11:04:33] [SUCCESS]   Cisco Secure Client - Umbrella  -->  v5.1.16.194
[2026-04-06 11:04:33] [INFO] ===== End of Cisco Secure Client Version Report =====
[2026-04-06 11:04:33] [INFO] ===== Installation completed successfully on SC-FOH =====
[2026-04-06 11:04:33] [INFO] Uploading log to GitHub...
