[2026-04-06 10:43:10] [INFO] ===== Installation started on SC-FOH =====
[2026-04-06 10:43:10] [INFO] Checking for hung AnyConnect services...
[2026-04-06 10:43:10] [WARNING] Force-killing process: acumbrellaagent
[2026-04-06 10:43:11] [SUCCESS] Killed process: acumbrellaagent
[2026-04-06 10:43:11] [WARNING] Force-killing process: vpnagent
[2026-04-06 10:43:11] [SUCCESS] Killed process: vpnagent
[2026-04-06 10:43:16] [INFO] Searching for installed Cisco AnyConnect products...
[2026-04-06 10:43:16] [INFO] No existing Cisco AnyConnect products found.
[2026-04-06 10:43:21] [INFO] Downloading Package 1...
[2026-04-06 10:43:51] [SUCCESS] Package 1 downloaded successfully.
[2026-04-06 10:43:51] [INFO] Installing Package 1 silently...
[2026-04-06 10:43:52] [SUCCESS] Package 1 installed successfully.
[2026-04-06 10:43:52] [INFO] Downloading Package 2...
[2026-04-06 10:43:58] [SUCCESS] Package 2 downloaded successfully.
[2026-04-06 10:43:58] [INFO] Installing Package 2 silently...
[2026-04-06 10:43:59] [SUCCESS] Package 2 installed successfully.
[2026-04-06 10:43:59] [INFO] Creating Umbrella directory if it doesn't exist...
[2026-04-06 10:43:59] [INFO] Directory already exists: C:\ProgramData\Cisco\Cisco AnyConnect Secure Mobility Client\Umbrella
[2026-04-06 10:43:59] [INFO] Writing OrgInfo.json...
[2026-04-06 10:43:59] [SUCCESS] OrgInfo.json created at: C:\ProgramData\Cisco\Cisco AnyConnect Secure Mobility Client\Umbrella\OrgInfo.json
[2026-04-06 10:43:59] [INFO] Cleaning up temp files...
[2026-04-06 10:43:59] [SUCCESS] Temp files cleaned up.
[2026-04-06 10:43:59] [INFO] ===== Installed Cisco Secure Client Applications =====
[2026-04-06 10:43:59] [SUCCESS]   Cisco Secure Client - AnyConnect VPN  -->  v5.1.16.194
[2026-04-06 10:43:59] [SUCCESS]   Cisco Secure Client - AnyConnect VPN   -->  v5.1.16.194
[2026-04-06 10:43:59] [SUCCESS]   Cisco Secure Client - Umbrella  -->  v5.1.16.194
[2026-04-06 10:43:59] [INFO] ===== End of Cisco Secure Client Version Report =====
[2026-04-06 10:43:59] [INFO] ===== Installation completed successfully on SC-FOH =====
[2026-04-06 10:43:59] [INFO] Uploading log to GitHub...
