[2026-04-06 10:20:45] [INFO] ===== Installation started on SC-FOH =====
[2026-04-06 10:20:45] [INFO] Checking for hung AnyConnect services...
[2026-04-06 10:20:45] [WARNING] Force-killing process: acumbrellaagent
[2026-04-06 10:20:45] [SUCCESS] Killed process: acumbrellaagent
[2026-04-06 10:20:45] [WARNING] Force-killing process: vpnagent
[2026-04-06 10:20:45] [SUCCESS] Killed process: vpnagent
[2026-04-06 10:20:50] [INFO] Searching for installed Cisco AnyConnect products...
[2026-04-06 10:20:51] [INFO] Uninstalling: Cisco Secure Client - AnyConnect VPN  (Cisco Secure Client - AnyConnect VPN)
[2026-04-06 10:20:52] [WARNING] Uninstall of Cisco Secure Client - AnyConnect VPN  exited with code: 1619
[2026-04-06 10:20:52] [INFO] Uninstalling: Cisco Secure Client - AnyConnect VPN ({403C9F5F-70F4-492A-8944-D8403F88CD85})
[2026-04-06 10:21:04] [SUCCESS] Successfully uninstalled: Cisco Secure Client - AnyConnect VPN
[2026-04-06 10:21:04] [INFO] Uninstalling: Cisco Secure Client - Umbrella ({42B5CD0A-B0D4-47D4-AC58-86B32E1E147C})
[2026-04-06 10:21:05] [SUCCESS] Successfully uninstalled: Cisco Secure Client - Umbrella
[2026-04-06 10:21:10] [INFO] Downloading Package 1...
[2026-04-06 10:21:40] [SUCCESS] Package 1 downloaded successfully.
[2026-04-06 10:21:40] [INFO] Installing Package 1 silently...
[2026-04-06 10:21:49] [SUCCESS] Package 1 installed successfully.
[2026-04-06 10:21:49] [INFO] Downloading Package 2...
[2026-04-06 10:21:57] [SUCCESS] Package 2 downloaded successfully.
[2026-04-06 10:21:57] [INFO] Installing Package 2 silently...
[2026-04-06 10:22:00] [SUCCESS] Package 2 installed successfully.
[2026-04-06 10:22:00] [INFO] Creating Umbrella directory if it doesn't exist...
[2026-04-06 10:22:00] [INFO] Directory already exists: C:\ProgramData\Cisco\Cisco AnyConnect Secure Mobility Client\Umbrella
[2026-04-06 10:22:00] [INFO] Writing OrgInfo.json...
[2026-04-06 10:22:00] [SUCCESS] OrgInfo.json created at: C:\ProgramData\Cisco\Cisco AnyConnect Secure Mobility Client\Umbrella\OrgInfo.json
[2026-04-06 10:22:00] [INFO] Cleaning up temp files...
[2026-04-06 10:22:00] [SUCCESS] Temp files cleaned up.
[2026-04-06 10:22:00] [INFO] ===== Installation completed successfully on SC-FOH =====
[2026-04-06 10:22:00] [INFO] Uploading log to GitHub...
